----------------------------------------------------------------
2014-03-06 14:26:16.693 GMT:
 Booting Derby version The Apache Software Foundation - Apache Derby - 10.5.3.0 - (802917): instance a816c00e-0144-97c9-9d46-0000061440b0
on database directory /home/xumak-pc/GitWorkSpace/JackRabbitCode/MavenJR/repository/version/db  

Database Class Loader started - derby.database.classpath=''
----------------------------------------------------------------
2014-03-06 14:26:17.302 GMT:
 Booting Derby version The Apache Software Foundation - Apache Derby - 10.5.3.0 - (802917): instance 888c4022-0144-97c9-9d46-0000061440b0
on database directory /home/xumak-pc/GitWorkSpace/JackRabbitCode/MavenJR/repository/workspaces/default/db  

Database Class Loader started - derby.database.classpath=''
----------------------------------------------------------------
2014-03-06 14:26:18.020 GMT:
 Booting Derby version The Apache Software Foundation - Apache Derby - 10.5.3.0 - (802917): instance 6965c036-0144-97c9-9d46-0000061440b0
on database directory /home/xumak-pc/GitWorkSpace/JackRabbitCode/MavenJR/repository/workspaces/security/db  

Database Class Loader started - derby.database.classpath=''

2014-03-06 14:26:19.092 GMT:
Shutting down instance 888c4022-0144-97c9-9d46-0000061440b0
----------------------------------------------------------------

2014-03-06 14:26:19.178 GMT:
Shutting down instance 6965c036-0144-97c9-9d46-0000061440b0
----------------------------------------------------------------

2014-03-06 14:26:19.253 GMT:
Shutting down instance a816c00e-0144-97c9-9d46-0000061440b0
----------------------------------------------------------------
